<?xml version="1.0" encoding="UTF-8"?>
<!-- Generated by org.testng.reporters.JUnitReportReporter -->
<testsuite hostname="LAPTOP-I8QCDANL" name="com.urqa.TrailBlazers.Scripts.Script" tests="1" failures="0" timestamp="26 Nov 2018 07:57:58 GMT" time="39.944" errors="0">
  <testcase name="LoginTB" time="39.944" classname="com.urqa.TrailBlazers.Scripts.Script"/>
</testsuite> <!-- com.urqa.TrailBlazers.Scripts.Script -->
